<?xml version="1.0" encoding="UTF-8"?>
<!-- Generated by org.testng.reporters.JUnitReportReporter -->
<testsuite hostname="LAPTOP-RGQN9LGJ" failures="0" tests="1" name="com.testcases.indexpagetest" time="24.036" errors="0" timestamp="2023-11-25T22:00:28 IST" skipped="0">
  <testcase classname="com.testcases.indexpagetest" name="verifytitle" time="24.036"/>
  <system-out/>
</testsuite> <!-- com.testcases.indexpagetest -->
